<?xml version="1.0" encoding="UTF-8"?>
<!-- Generated by org.testng.reporters.JUnitReportReporter -->
<testsuite hostname="LAPTOP-3BML8FHO" failures="0" tests="4" name="test.LoginTestClass" time="96.191" errors="0" timestamp="2025-07-30T17:29:44 IST" skipped="0">
  <testcase classname="test.LoginTestClass" name="ValidatePresenceOfPageObject" time="19.517"/>
  <testcase classname="test.LoginTestClass" name="Password_Masking_Unmasking" time="21.502"/>
  <testcase classname="test.LoginTestClass" name="login_with_Random_Number" time="23.697"/>
  <testcase classname="test.LoginTestClass" name="login_with_blank_fields" time="31.475"/>
</testsuite> <!-- test.LoginTestClass -->
